<?xml version="1.0" encoding="UTF-8"?>
<!-- Generated by org.testng.reporters.JUnitReportReporter -->
<testsuite hostname="Pradeep-PC" failures="0" tests="3" name="com.actitime.test.Demo" time="0.103" errors="0" timestamp="24 Sep 2020 05:53:55 GMT" skipped="0">
  <testcase classname="com.actitime.test.Demo" name="testDemo" time="0.006"/>
  <testcase classname="com.actitime.test.Demo" name="testCreateCustomer" time="0.092"/>
  <testcase classname="com.actitime.test.Demo" name="testDeleteCustomer" time="0.005"/>
</testsuite> <!-- com.actitime.test.Demo -->
