<?xml version="1.0" encoding="UTF-8"?>
<!-- Generated by org.testng.reporters.JUnitReportReporter -->
<testsuite skipped="0" hostname="Pradeep-PC" name="com.actitime.test.AsserValidate" tests="1" failures="0" timestamp="6 Feb 2020 15:01:20 GMT" time="13.947" errors="0">
  <testcase name="testGoogle" time="13.947" classname="com.actitime.test.AsserValidate"/>
</testsuite> <!-- com.actitime.test.AsserValidate -->
