<?xml version="1.0" encoding="UTF-8"?>
<!-- Generated by org.testng.reporters.JUnitReportReporter -->
<testsuite skipped="0" hostname="Pradeep-PC" name="com.actitime.test.Demo1" tests="2" failures="0" timestamp="5 Feb 2020 14:39:24 GMT" time="0.008" errors="0">
  <testcase name="testCreateCustomer" time="0.004" classname="com.actitime.test.Demo1"/>
  <testcase name="deleteCustomer" time="0.004" classname="com.actitime.test.Demo1"/>
</testsuite> <!-- com.actitime.test.Demo1 -->
